0 info it worked if it ends with ok
1 verbose cli [ '/usr/bin/nodejs', '/usr/bin/npm', 'run', 'develop' ]
2 info using npm@3.8.6
3 info using node@v5.11.1
4 verbose run-script [ 'predevelop', 'develop', 'postdevelop' ]
5 info lifecycle klatch@1.0.0~predevelop: klatch@1.0.0
6 silly lifecycle klatch@1.0.0~predevelop: no script for predevelop, continuing
7 info lifecycle klatch@1.0.0~develop: klatch@1.0.0
8 verbose lifecycle klatch@1.0.0~develop: unsafe-perm in lifecycle true
9 verbose lifecycle klatch@1.0.0~develop: PATH: /usr/lib/node_modules/npm/bin/node-gyp-bin:/home/joe/MEGA/RubymineProjects/klatch_client/node_modules/.bin:/usr/bin:/home/joe/.rvm/gems/ruby-2.3.0/bin:/home/joe/.rvm/gems/ruby-2.3.0@global/bin:/home/joe/.rvm/rubies/ruby-2.3.0/bin:/usr/local/sbin:/usr/local/bin:/usr/sbin:/usr/bin:/sbin:/bin:/usr/games:/usr/local/games:/snap/bin:/home/joe/.rvm/bin:/snap/bin:/home/joe/.rvm/bin:/home/joe/.rvm/bin
10 verbose lifecycle klatch@1.0.0~develop: CWD: /home/joe/MEGA/RubymineProjects/klatch_client
11 silly lifecycle klatch@1.0.0~develop: Args: [ '-c', 'webpack-dev-server --inline' ]
12 silly lifecycle klatch@1.0.0~develop: Returned: code: 1  signal: null
13 info lifecycle klatch@1.0.0~develop: Failed to exec develop script
14 verbose stack Error: klatch@1.0.0 develop: `webpack-dev-server --inline`
14 verbose stack Exit status 1
14 verbose stack     at EventEmitter.<anonymous> (/usr/lib/node_modules/npm/lib/utils/lifecycle.js:239:16)
14 verbose stack     at emitTwo (events.js:100:13)
14 verbose stack     at EventEmitter.emit (events.js:185:7)
14 verbose stack     at ChildProcess.<anonymous> (/usr/lib/node_modules/npm/lib/utils/spawn.js:24:14)
14 verbose stack     at emitTwo (events.js:100:13)
14 verbose stack     at ChildProcess.emit (events.js:185:7)
14 verbose stack     at maybeClose (internal/child_process.js:850:16)
14 verbose stack     at Process.ChildProcess._handle.onexit (internal/child_process.js:215:5)
15 verbose pkgid klatch@1.0.0
16 verbose cwd /home/joe/MEGA/RubymineProjects/klatch_client
17 error Linux 4.4.0-22-generic
18 error argv "/usr/bin/nodejs" "/usr/bin/npm" "run" "develop"
19 error node v5.11.1
20 error npm  v3.8.6
21 error code ELIFECYCLE
22 error klatch@1.0.0 develop: `webpack-dev-server --inline`
22 error Exit status 1
23 error Failed at the klatch@1.0.0 develop script 'webpack-dev-server --inline'.
23 error Make sure you have the latest version of node.js and npm installed.
23 error If you do, this is most likely a problem with the klatch package,
23 error not with npm itself.
23 error Tell the author that this fails on your system:
23 error     webpack-dev-server --inline
23 error You can get information on how to open an issue for this project with:
23 error     npm bugs klatch
23 error Or if that isn't available, you can get their info via:
23 error     npm owner ls klatch
23 error There is likely additional logging output above.
24 verbose exit [ 1, true ]
